<?xml version="1.0" encoding="UTF-8"?>
<testsuite name="CarNameAndCarPrice Test"
           tests="8"
           failures="0"
           errors="0"
           skipped="0"
           time="85.635">
  <properties />
  
  
            <testcase name="carNameAndCarPrice" time="11.070" classname="testcases.CarNameAndCarPriceTest" />
                <testcase name="carNameAndCarPrice" time="13.750" classname="testcases.CarNameAndCarPriceTest" />
                <testcase name="carNameAndCarPrice" time="11.963" classname="testcases.CarNameAndCarPriceTest" />
                <testcase name="carNameAndCarPrice" time="8.126" classname="testcases.CarNameAndCarPriceTest" />
                <testcase name="carNameAndCarPrice" time="13.665" classname="testcases.CarNameAndCarPriceTest" />
                <testcase name="carNameAndCarPrice" time="7.587" classname="testcases.CarNameAndCarPriceTest" />
                <testcase name="carNameAndCarPrice" time="11.368" classname="testcases.CarNameAndCarPriceTest" />
                <testcase name="carNameAndCarPrice" time="8.106" classname="testcases.CarNameAndCarPriceTest" />
      
</testsuite>
