<?xml version="1.0" encoding="UTF-8"?>
<!-- Generated by org.testng.reporters.JUnitXMLReporter -->
<testsuite ignored="0" hostname="DESKTOP-3BDBSD1" failures="0" tests="8" name="Default test" time="159.082" errors="0" timestamp="2025-03-21T13:31:24 IST">
  <testcase classname="testcases.CarNameAndCarPriceTest" name="carNameAndCarPrice" time="21.008"/>
  <testcase classname="testcases.CarNameAndCarPriceTest" name="carNameAndCarPrice" time="19.109"/>
  <testcase classname="testcases.CarNameAndCarPriceTest" name="carNameAndCarPrice" time="22.479"/>
  <testcase classname="testcases.CarNameAndCarPriceTest" name="carNameAndCarPrice" time="19.306"/>
  <testcase classname="testcases.CarNameAndCarPriceTest" name="carNameAndCarPrice" time="16.963"/>
  <testcase classname="testcases.CarNameAndCarPriceTest" name="carNameAndCarPrice" time="17.414"/>
  <testcase classname="testcases.CarNameAndCarPriceTest" name="carNameAndCarPrice" time="12.454"/>
  <testcase classname="testcases.CarNameAndCarPriceTest" name="carNameAndCarPrice" time="17.274"/>
</testsuite> <!-- Default test -->
