<?xml version="1.0" encoding="UTF-8"?>
<!-- Generated by org.testng.reporters.JUnitXMLReporter -->
<testsuite ignored="0" hostname="DESKTOP-3BDBSD1" failures="0" tests="8" name="Default test" time="66.592" errors="0" timestamp="2025-03-13T12:29:08 IST">
  <testcase classname="testcases.FindNewCarTest" name="findNewCars" time="8.98"/>
  <testcase classname="testcases.FindNewCarTest" name="findNewCars" time="7.036"/>
  <testcase classname="testcases.FindNewCarTest" name="findNewCars" time="7.243"/>
  <testcase classname="testcases.FindNewCarTest" name="findNewCars" time="7.41"/>
  <testcase classname="testcases.FindNewCarTest" name="findNewCars" time="8.916"/>
  <testcase classname="testcases.FindNewCarTest" name="findNewCars" time="7.401"/>
  <testcase classname="testcases.FindNewCarTest" name="findNewCars" time="7.373"/>
  <testcase classname="testcases.FindNewCarTest" name="findNewCars" time="7.348"/>
</testsuite> <!-- Default test -->
