<?xml version="1.0" encoding="UTF-8"?>
<!-- Generated by org.testng.reporters.JUnitXMLReporter -->
<testsuite ignored="0" hostname="DESKTOP-3BDBSD1" failures="0" tests="8" name="CarNameAndCarPrice Test" time="123.975" errors="0" timestamp="2025-03-18T22:36:14 IST">
  <testcase classname="testcases.CarNameAndCarPriceTest" name="carNameAndCarPrice" time="9.47"/>
  <testcase classname="testcases.CarNameAndCarPriceTest" name="carNameAndCarPrice" time="13.632"/>
  <testcase classname="testcases.CarNameAndCarPriceTest" name="carNameAndCarPrice" time="15.805"/>
  <testcase classname="testcases.CarNameAndCarPriceTest" name="carNameAndCarPrice" time="18.657"/>
  <testcase classname="testcases.CarNameAndCarPriceTest" name="carNameAndCarPrice" time="9.31"/>
  <testcase classname="testcases.CarNameAndCarPriceTest" name="carNameAndCarPrice" time="18.971"/>
  <testcase classname="testcases.CarNameAndCarPriceTest" name="carNameAndCarPrice" time="13.18"/>
  <testcase classname="testcases.CarNameAndCarPriceTest" name="carNameAndCarPrice" time="14.403"/>
</testsuite> <!-- CarNameAndCarPrice Test -->
