<?xml version="1.0" encoding="UTF-8"?>
<!-- Generated by org.testng.reporters.JUnitXMLReporter -->
<testsuite ignored="0" hostname="DESKTOP-3BDBSD1" failures="0" tests="8" name="FindNewCar Test" time="96.32" errors="0" timestamp="2025-02-19T17:03:30 IST">
  <testcase classname="testcases.FindNewCarTest" name="findNewCars" time="12.971"/>
  <testcase classname="testcases.FindNewCarTest" name="findNewCars" time="13.785"/>
  <testcase classname="testcases.FindNewCarTest" name="findNewCars" time="7.222"/>
  <testcase classname="testcases.FindNewCarTest" name="findNewCars" time="8.136"/>
  <testcase classname="testcases.FindNewCarTest" name="findNewCars" time="13.459"/>
  <testcase classname="testcases.FindNewCarTest" name="findNewCars" time="8.822"/>
  <testcase classname="testcases.FindNewCarTest" name="findNewCars" time="8.458"/>
  <testcase classname="testcases.FindNewCarTest" name="findNewCars" time="12.459"/>
</testsuite> <!-- FindNewCar Test -->
