<?xml version="1.0" encoding="UTF-8"?>
<testng-results ignored="0" total="2" passed="2" failed="0" skipped="0">
  <reporter-output>
  </reporter-output>
  <suite started-at="2025-03-18T22:39:14 IST" name="Default suite" finished-at="2025-03-18T22:40:06 IST" duration-ms="51444">
    <groups>
    </groups>
    <test started-at="2025-03-18T22:39:14 IST" name="Default test" finished-at="2025-03-18T22:40:06 IST" duration-ms="51444">
      <class name="testcases.ExploreUsedCarsTest">
        <test-method signature="exploreUsedCars(java.util.Hashtable)[pri:0, instance:testcases.ExploreUsedCarsTest@5eccd3b9]" started-at="2025-03-18T22:39:14 IST" name="exploreUsedCars" data-provider="dp1" finished-at="2025-03-18T22:39:43 IST" duration-ms="28926" status="PASS">
          <params>
            <param index="0">
              <value>
                <![CDATA[{browser=chrome, runmode=Y, city=Mumbai}]]>
              </value>
            </param>
          </params>
          <reporter-output>
          </reporter-output>
        </test-method> <!-- exploreUsedCars -->
        <test-method is-config="true" signature="tearDown()[pri:0, instance:testcases.ExploreUsedCarsTest@5eccd3b9]" started-at="2025-03-18T22:39:43 IST" name="tearDown" finished-at="2025-03-18T22:39:44 IST" duration-ms="280" status="PASS">
          <reporter-output>
          </reporter-output>
        </test-method> <!-- tearDown -->
        <test-method signature="exploreUsedCars(java.util.Hashtable)[pri:0, instance:testcases.ExploreUsedCarsTest@5eccd3b9]" started-at="2025-03-18T22:39:44 IST" name="exploreUsedCars" data-provider="dp1" finished-at="2025-03-18T22:40:04 IST" duration-ms="20757" status="PASS">
          <params>
            <param index="0">
              <value>
                <![CDATA[{browser=edge, runmode=Y, city=Dehli}]]>
              </value>
            </param>
          </params>
          <reporter-output>
          </reporter-output>
        </test-method> <!-- exploreUsedCars -->
        <test-method is-config="true" signature="tearDown()[pri:0, instance:testcases.ExploreUsedCarsTest@5eccd3b9]" started-at="2025-03-18T22:40:04 IST" name="tearDown" finished-at="2025-03-18T22:40:06 IST" duration-ms="1203" status="PASS">
          <reporter-output>
          </reporter-output>
        </test-method> <!-- tearDown -->
      </class> <!-- testcases.ExploreUsedCarsTest -->
    </test> <!-- Default test -->
  </suite> <!-- Default suite -->
</testng-results>
